[debug] [2023-08-28T10:03:29.596Z] ----------------------------------------------------------------------
[debug] [2023-08-28T10:03:29.599Z] Command:       C:\Program Files\nodejs\node.exe C:\Users\A\AppData\Roaming\npm\node_modules\firebase-tools\lib\bin\firebase.js init
[debug] [2023-08-28T10:03:29.600Z] CLI Version:   12.5.0
[debug] [2023-08-28T10:03:29.600Z] Platform:      win32
[debug] [2023-08-28T10:03:29.601Z] Node Version:  v18.16.0
[debug] [2023-08-28T10:03:29.602Z] Time:          Mon Aug 28 2023 15:33:29 GMT+0530 (India Standard Time)
[debug] [2023-08-28T10:03:29.603Z] ----------------------------------------------------------------------
[debug] 
[debug] [2023-08-28T10:03:29.609Z] >>> [apiv2][query] GET https://firebase-public.firebaseio.com/cli.json [none]
[debug] [2023-08-28T10:03:29.810Z] > command requires scopes: ["email","openid","https://www.googleapis.com/auth/cloudplatformprojects.readonly","https://www.googleapis.com/auth/firebase","https://www.googleapis.com/auth/cloud-platform"]
[debug] [2023-08-28T10:03:29.811Z] > authorizing via signed-in user (rajanhingarajiya17104@gmail.com)
[info] 
     ######## #### ########  ######## ########     ###     ######  ########
     ##        ##  ##     ## ##       ##     ##  ##   ##  ##       ##
     ######    ##  ########  ######   ########  #########  ######  ######
     ##        ##  ##    ##  ##       ##     ## ##     ##       ## ##
     ##       #### ##     ## ######## ########  ##     ##  ######  ########

You're about to initialize a Firebase project in this directory:

  G:\study\React\cityhospital

Before we get started, keep in mind:

  * You are initializing within an existing Firebase project directory

[debug] [2023-08-28T10:03:30.761Z] <<< [apiv2][status] GET https://firebase-public.firebaseio.com/cli.json 200
[debug] [2023-08-28T10:03:30.764Z] <<< [apiv2][body] GET https://firebase-public.firebaseio.com/cli.json {"cloudBuildErrorAfter":1594252800000,"cloudBuildWarnAfter":1590019200000,"defaultNode10After":1594252800000,"minVersion":"3.0.5","node8DeploysDisabledAfter":1613390400000,"node8RuntimeDisabledAfter":1615809600000,"node8WarnAfter":1600128000000}
